<?xml version="1.0" encoding="UTF-8"?>
<testng-results ignored="0" total="1" passed="1" failed="0" skipped="0">
  <reporter-output>
  </reporter-output>
  <suite started-at="2021-06-08T08:07:44 PKT" name="Default suite" finished-at="2021-06-08T08:07:44 PKT" duration-ms="68">
    <groups>
    </groups>
    <test started-at="2021-06-08T08:07:44 PKT" name="Default test" finished-at="2021-06-08T08:07:44 PKT" duration-ms="68">
      <class name="l174031_assignment3.TestCalculator">
        <test-method signature="multiply()[pri:0, instance:l174031_assignment3.TestCalculator@3cc1435c]" started-at="2021-06-08T08:07:44 PKT" name="multiply" finished-at="2021-06-08T08:07:44 PKT" duration-ms="15" status="PASS">
          <reporter-output>
          </reporter-output>
        </test-method> <!-- multiply -->
      </class> <!-- l174031_assignment3.TestCalculator -->
    </test> <!-- Default test -->
  </suite> <!-- Default suite -->
</testng-results>
